<?xml version="1.0" encoding="UTF-8"?>
<!-- Generated by org.testng.reporters.JUnitReportReporter -->
<testsuite hostname="Bankim" failures="0" tests="1" name="automation.chllanges.ReadExcel" time="0.361" errors="0" timestamp="24 Sep 2022 12:51:23 GMT" skipped="0">
  <testcase classname="automation.chllanges.ReadExcel" name="readExcelData" time="0.361"/>
</testsuite> <!-- automation.chllanges.ReadExcel -->
